<?xml version="1.0" encoding="UTF-8"?>
<!-- Generated by org.testng.reporters.JUnitReportReporter -->
<testsuite hostname="logic" failures="0" tests="7" name="uiTests.LoginTests.LoginTests" time="26.556" errors="0" timestamp="2023-06-29T10:44:56 ALMT" skipped="0">
  <testcase classname="uiTests.LoginTests.LoginTests" name="loginWithValidUsernameAndPassword" time="6.934"/>
  <system-out/>
  <testcase classname="uiTests.LoginTests.LoginTests" name="loginWithInvalidUsernameTest" time="4.267"/>
  <system-out/>
  <testcase classname="uiTests.LoginTests.LoginTests" name="loginWithInvalidPasswordTest" time="4.041"/>
  <system-out/>
  <testcase classname="uiTests.LoginTests.LoginTests" name="loginWithInvalidUsernameAndPassword" time="3.827"/>
  <system-out/>
  <testcase classname="uiTests.LoginTests.LoginTests" name="loginWithoutUsername" time="3.332"/>
  <system-out/>
  <testcase classname="uiTests.LoginTests.LoginTests" name="loginWithoutPassword" time="3.352"/>
  <system-out/>
  <testcase classname="uiTests.LoginTests.LoginTests" name="testDemo" time="0.803"/>
  <system-out/>
</testsuite> <!-- uiTests.LoginTests.LoginTests -->
