<?xml version="1.0" encoding="UTF-8"?>
<!-- Generated by org.testng.reporters.JUnitReportReporter -->
<testsuite hostname="logic" failures="0" tests="1" name="uiTests.LoginTests.UsersTests" time="12.979" errors="0" timestamp="2023-06-29T10:44:56 ALMT" skipped="0">
  <testcase classname="uiTests.LoginTests.UsersTests" name="checkingUserTable" time="12.979"/>
  <system-out/>
</testsuite> <!-- uiTests.LoginTests.UsersTests -->
